\BOOKMARK [0][-]{chapter.1}{Introduction}{}
\BOOKMARK [1][-]{section.1.1}{Terminology}{chapter.1}
\BOOKMARK [1][-]{section.1.2}{Example Programs}{chapter.1}
\BOOKMARK [0][-]{chapter.2}{Grammar}{}
\BOOKMARK [1][-]{section.2.1}{Notation}{chapter.2}
\BOOKMARK [1][-]{section.2.2}{Lexical Structure}{chapter.2}
\BOOKMARK [0][-]{chapter.3}{Metaprograms}{}
\BOOKMARK [1][-]{section.3.1}{Preamble}{chapter.3}
\BOOKMARK [2][-]{subsection.3.1.1}{Metaprogram Imports}{section.3.1}
\BOOKMARK [2][-]{subsection.3.1.2}{Mode Declarations}{section.3.1}
\BOOKMARK [2][-]{subsection.3.1.3}{Dependency Declarations}{section.3.1}
\BOOKMARK [1][-]{section.3.2}{Target Names}{chapter.3}
\BOOKMARK [2][-]{subsection.3.2.1}{Target Name Qualification}{section.3.2}
\BOOKMARK [2][-]{subsection.3.2.2}{Dependency Names}{section.3.2}
\BOOKMARK [1][-]{section.3.3}{Permissions and Modes}{chapter.3}
\BOOKMARK [1][-]{section.3.4}{Evaluation Time}{chapter.3}
\BOOKMARK [0][-]{chapter.4}{Dependencies}{}
\BOOKMARK [1][-]{section.4.1}{Conflicts}{chapter.4}
\BOOKMARK [1][-]{section.4.2}{Attributes}{chapter.4}
\BOOKMARK [2][-]{subsection.4.2.1}{ListNode}{section.4.2}
\BOOKMARK [2][-]{subsection.4.2.2}{PackageNode}{section.4.2}
\BOOKMARK [0][-]{chapter.5}{Directives}{}
\BOOKMARK [0][-]{chapter.6}{Compilation}{}
\BOOKMARK [1][-]{section.6.1}{Semantics of BSJ Files}{chapter.6}
\BOOKMARK [1][-]{section.6.2}{Execution of Metaprograms}{chapter.6}
\BOOKMARK [0][-]{chapter.7}{Code Literals}{}
\BOOKMARK [1][-]{section.7.1}{Reserve Types}{chapter.7}
\BOOKMARK [0][-]{chapter.8}{Syntax}{}
